Performing C SOURCE FILE Test CMAKE_HAVE_LIBC_PTHREAD failed with the following output:
Change Dir: /home/kist-robot2/catkin_ws/src/franka_emika_panda/build/CMakeFiles/CMakeScratch/TryCompile-In6Qhq

Run Build Command(s):/usr/bin/make -f Makefile cmTC_1cdfc/fast && /usr/bin/make  -f CMakeFiles/cmTC_1cdfc.dir/build.make CMakeFiles/cmTC_1cdfc.dir/build
make[1]: Entering directory '/home/kist-robot2/catkin_ws/src/franka_emika_panda/build/CMakeFiles/CMakeScratch/TryCompile-In6Qhq'
Building C object CMakeFiles/cmTC_1cdfc.dir/src.c.o
/usr/bin/cc -DCMAKE_HAVE_LIBC_PTHREAD   -o CMakeFiles/cmTC_1cdfc.dir/src.c.o -c /home/kist-robot2/catkin_ws/src/franka_emika_panda/build/CMakeFiles/CMakeScratch/TryCompile-In6Qhq/src.c
Linking C executable cmTC_1cdfc
/home/kist-robot2/anaconda3/lib/python3.8/site-packages/cmake/data/bin/cmake -E cmake_link_script CMakeFiles/cmTC_1cdfc.dir/link.txt --verbose=1
/usr/bin/cc CMakeFiles/cmTC_1cdfc.dir/src.c.o -o cmTC_1cdfc 
/usr/bin/ld: CMakeFiles/cmTC_1cdfc.dir/src.c.o: in function `main':
src.c:(.text+0x46): undefined reference to `pthread_create'
/usr/bin/ld: src.c:(.text+0x52): undefined reference to `pthread_detach'
/usr/bin/ld: src.c:(.text+0x5e): undefined reference to `pthread_cancel'
/usr/bin/ld: src.c:(.text+0x6f): undefined reference to `pthread_join'
collect2: error: ld returned 1 exit status
make[1]: *** [CMakeFiles/cmTC_1cdfc.dir/build.make:99: cmTC_1cdfc] Error 1
make[1]: Leaving directory '/home/kist-robot2/catkin_ws/src/franka_emika_panda/build/CMakeFiles/CMakeScratch/TryCompile-In6Qhq'
make: *** [Makefile:127: cmTC_1cdfc/fast] Error 2


Source file was:
#include <pthread.h>

static void* test_func(void* data)
{
  return data;
}

int main(void)
{
  pthread_t thread;
  pthread_create(&thread, NULL, test_func, NULL);
  pthread_detach(thread);
  pthread_cancel(thread);
  pthread_join(thread, NULL);
  pthread_atfork(NULL, NULL, NULL);
  pthread_exit(NULL);

  return 0;
}


Determining if the function pthread_create exists in the pthreads failed with the following output:
Change Dir: /home/kist-robot2/catkin_ws/src/franka_emika_panda/build/CMakeFiles/CMakeScratch/TryCompile-yfEu3r

Run Build Command(s):/usr/bin/make -f Makefile cmTC_c0226/fast && /usr/bin/make  -f CMakeFiles/cmTC_c0226.dir/build.make CMakeFiles/cmTC_c0226.dir/build
make[1]: Entering directory '/home/kist-robot2/catkin_ws/src/franka_emika_panda/build/CMakeFiles/CMakeScratch/TryCompile-yfEu3r'
Building C object CMakeFiles/cmTC_c0226.dir/CheckFunctionExists.c.o
/usr/bin/cc   -DCHECK_FUNCTION_EXISTS=pthread_create -o CMakeFiles/cmTC_c0226.dir/CheckFunctionExists.c.o -c /home/kist-robot2/catkin_ws/src/franka_emika_panda/build/CMakeFiles/CMakeScratch/TryCompile-yfEu3r/CheckFunctionExists.c
Linking C executable cmTC_c0226
/home/kist-robot2/anaconda3/lib/python3.8/site-packages/cmake/data/bin/cmake -E cmake_link_script CMakeFiles/cmTC_c0226.dir/link.txt --verbose=1
/usr/bin/cc  -DCHECK_FUNCTION_EXISTS=pthread_create CMakeFiles/cmTC_c0226.dir/CheckFunctionExists.c.o -o cmTC_c0226  -lpthreads 
/usr/bin/ld: cannot find -lpthreads
collect2: error: ld returned 1 exit status
make[1]: *** [CMakeFiles/cmTC_c0226.dir/build.make:99: cmTC_c0226] Error 1
make[1]: Leaving directory '/home/kist-robot2/catkin_ws/src/franka_emika_panda/build/CMakeFiles/CMakeScratch/TryCompile-yfEu3r'
make: *** [Makefile:127: cmTC_c0226/fast] Error 2



